<?xml version="1.0" encoding="UTF-8" ?>
<testsuite failures="0" time="1.237" errors="0" skipped="0" tests="96" name="TestSuite">
  <properties>
[...]
</properties>
  <testcase time="0.245" classname="io.d8a.conjure.ChooseByWeightNodeListTest" name="canBeRegisteredAsType"/>
  <testcase time="0" classname="io.d8a.conjure.ChooseByWeightNodeListTest" name="diesWhenRenderingNoNodes"/>
  <testcase time="0.001" classname="io.d8a.conjure.ChooseByWeightNodeListTest" name="generatesAllNodesOfSameWeightEventually"/>
  <testcase time="0" classname="io.d8a.conjure.ChooseByWeightNodeListTest" name="generatesHigherWeightedNodesMoreOften"/>
  <testcase time="0" classname="io.d8a.conjure.ChooseByWeightNodeListTest" name="generatesLoneNodeRepeatedlyWhenOnlyOneAdded"/>
  <testcase time="0.032" classname="io.d8a.conjure.ChooseByWeightNodeListTest" name="nodeDistributionReflectsWeights"/>
  <testcase time="0.012" classname="io.d8a.conjure.ChooseByWeightNodeListTest" name="nodesOfDifferentWeightsCanBeAddedInAnyOrder"/>
  <testcase time="0.019" classname="io.d8a.conjure.ChooseByWeightNodeListTest" name="nodesOfSameWeightsCanBeAddedInAnyOrder"/>
  <testcase time="0.005" classname="io.d8a.conjure.ChooseByWeightNodeListTest" name="weightsCanSumToMoreThan100"/>
  <testcase time="0.001" classname="io.d8a.conjure.ChooseInOrderNodeListTest" name="canBeReferencedInSampleGenerator"/>
  <testcase time="0" classname="io.d8a.conjure.ChooseInOrderNodeListTest" name="canBeRegisteredAsType"/>
  <testcase time="0.001" classname="io.d8a.conjure.ChooseInOrderNodeListTest" name="cyclesBackToBeginning"/>
  <testcase time="0" classname="io.d8a.conjure.ChooseInOrderNodeListTest" name="generateFailsIfNoNodesAdded"/>
  <testcase time="0" classname="io.d8a.conjure.ChooseInOrderNodeListTest" name="generatesNodesInOrderAdded"/>
  <testcase time="0.001" classname="io.d8a.conjure.ChooseRandomNodeListTest" name="canBeReferencedInSampleGenerator"/>
  <testcase time="0" classname="io.d8a.conjure.ChooseRandomNodeListTest" name="canBeRegisteredAsType"/>
  <testcase time="0" classname="io.d8a.conjure.ChooseRandomNodeListTest" name="eventuallyGeneratesAllNodes"/>
  <testcase time="0.001" classname="io.d8a.conjure.ChooseRandomNodeListTest" name="generateFailsIfNoNodesAdded"/>
  <testcase time="0" classname="io.d8a.conjure.ChooseRandomNodeListTest" name="generatesNodesFromProvidedList"/>
  <testcase time="0" classname="io.d8a.conjure.ChooseRandomNodeListTest" name="repeatsValuesOverTime"/>
  <testcase time="0" classname="io.d8a.conjure.CombineNodeListTest" name="appendsAllNodesInSingleGenerate"/>
  <testcase time="0" classname="io.d8a.conjure.CombineNodeListTest" name="canBeRegisteredAsType"/>
  <testcase time="0" classname="io.d8a.conjure.CombineNodeListTest" name="canSetSeparatorInConfig"/>
  <testcase time="0.001" classname="io.d8a.conjure.CombineNodeListTest" name="canSpecifySeparator"/>
  <testcase time="0.003" classname="io.d8a.conjure.ConjureTemplateParserFixedDataTest" name="ignoresBlankLines"/>
  <testcase time="0" classname="io.d8a.conjure.ConjureTemplateParserFixedDataTest" name="ignoresHashCommentLines"/>
  <testcase time="0" classname="io.d8a.conjure.ConjureTemplateParserFixedDataTest" name="multipleFixedLinesAllCombineEachCall"/>
  <testcase time="0" classname="io.d8a.conjure.ConjureTemplateParserFixedDataTest" name="singleFixedLineRepeats"/>
  <testcase time="0.001" classname="io.d8a.conjure.ConjureTemplateParserNodeListParsingTest" name="canHaveWhitespaceBetweenCustomEndTokens"/>
  <testcase time="0.001" classname="io.d8a.conjure.ConjureTemplateParserNodeListParsingTest" name="canSpecifyCustomDelimiter"/>
  <testcase time="0.001" classname="io.d8a.conjure.ConjureTemplateParserNodeListParsingTest" name="canSpecifyCustomDelimiterAndSeparator"/>
  <testcase time="0.001" classname="io.d8a.conjure.ConjureTemplateParserNodeListParsingTest" name="canSpecifyCustomEndToken"/>
  <testcase time="0" classname="io.d8a.conjure.ConjureTemplateParserNodeListParsingTest" name="canSpecifyLinesShouldBeTrimmed"/>
  <testcase time="0.001" classname="io.d8a.conjure.ConjureTemplateParserNodeListParsingTest" name="canSpecifyLinesShouldBeTrimmedForCombineNodes"/>
  <testcase time="0.001" classname="io.d8a.conjure.ConjureTemplateParserNodeListParsingTest" name="canSpecifyThePrimarySampleNode"/>
  <testcase time="0" classname="io.d8a.conjure.ConjureTemplateParserNodeListParsingTest" name="generatesValuesFromEachGroupAndCombinesWithNewlinesForEveryCall"/>
  <testcase time="0" classname="io.d8a.conjure.ConjureTemplateParserNodeListParsingTest" name="parsesNodeListLines"/>
  <testcase time="0" classname="io.d8a.conjure.ConjureTemplateParserNodeListParsingTest" name="stopsParsingNodeListAfterBlankLine"/>
  <testcase time="0.06" classname="io.d8a.conjure.ConjureTemplateParserVariablesTest" name="canSpecifyCustomClock"/>
  <testcase time="0" classname="io.d8a.conjure.ConjureTemplateParserVariablesTest" name="combineRegisteredByDefault"/>
  <testcase time="0.001" classname="io.d8a.conjure.ConjureTemplateParserVariablesTest" name="cycleRegisteredByDefault"/>
  <testcase time="0" classname="io.d8a.conjure.ConjureTemplateParserVariablesTest" name="failsForUnregisteredVariableTypes"/>
  <testcase time="0.002" classname="io.d8a.conjure.ConjureTemplateParserVariablesTest" name="linesCanHaveVariablesAndStillCombinesAllEachCall"/>
  <testcase time="0" classname="io.d8a.conjure.ConjureTemplateParserVariablesTest" name="minMaxRegisteredByDefault"/>
  <testcase time="0" classname="io.d8a.conjure.ConjureTemplateParserVariablesTest" name="randomChoiceRegisteredByDefault"/>
  <testcase time="0" classname="io.d8a.conjure.ConjureTemplateParserVariablesTest" name="succeedsForFullyQualifiedTypes"/>
  <testcase time="0" classname="io.d8a.conjure.ConjureTemplateParserVariablesTest" name="timeRegisteredByDefault"/>
  <testcase time="0.001" classname="io.d8a.conjure.ConjureTemplateParserVariablesTest" name="weightedRegisteredByDefault"/>
  <testcase time="0" classname="io.d8a.conjure.ConjureTemplateTest" name="allowsCustomSampleNodes"/>
  <testcase time="0" classname="io.d8a.conjure.ConjureTemplateTest" name="allowsDirectParseOfNodes"/>
  <testcase time="0" classname="io.d8a.conjure.ConjureTemplateTest" name="allowsMultipleTemplateReferences"/>
  <testcase time="0" classname="io.d8a.conjure.ConjureTemplateTest" name="allowsRegisteredNodeTemplateTypes"/>
  <testcase time="0" classname="io.d8a.conjure.ConjureTemplateTest" name="allowsRegisteringNodeTypesByClassName"/>
  <testcase time="0" classname="io.d8a.conjure.ConjureTemplateTest" name="allowsTemplatesToReferenceOthers"/>
  <testcase time="0" classname="io.d8a.conjure.ConjureTemplateTest" name="configRefsCanHaveNamesToo"/>
  <testcase time="0" classname="io.d8a.conjure.ConjureTemplateTest" name="customTypesCanBeFullClassNames"/>
  <testcase time="0" classname="io.d8a.conjure.ConjureTemplateTest" name="customTypesCanResolveReferences"/>
  <testcase time="0.001" classname="io.d8a.conjure.ConjureTemplateTest" name="defaultsToTemplateNamedSample"/>
  <testcase time="0" classname="io.d8a.conjure.ConjureTemplateTest" name="diesWhenAskedForDefaultTemplateIfNotYetAdded"/>
  <testcase time="0" classname="io.d8a.conjure.ConjureTemplateTest" name="diesWhenAskedForMissingTemplates"/>
  <testcase time="0" classname="io.d8a.conjure.ConjureTemplateTest" name="doesNotCareWhatOrderTemplatesAreAdded"/>
  <testcase time="0.001" classname="io.d8a.conjure.ConjureTemplateTest" name="failsWhenCustomTypeByClassNameNotFound"/>
  <testcase time="0" classname="io.d8a.conjure.ConjureTemplateTest" name="mustSpecifyRefOrType"/>
  <testcase time="0" classname="io.d8a.conjure.ConjureTemplateTest" name="refIgnoredIfTypeDetailsSpecified"/>
  <testcase time="0.002" classname="io.d8a.conjure.ConjureTemplateTest" name="referencedValuesAreRememberedByDefaultWithinSingleRun"/>
  <testcase time="0.001" classname="io.d8a.conjure.ConjureTemplateTest" name="referencedValuesCanBeConfiguredToNotRememberValues"/>
  <testcase time="0.001" classname="io.d8a.conjure.ConjureTemplateTest" name="registersEmbeddedNodesWhenParsed"/>
  <testcase time="0" classname="io.d8a.conjure.ConjureTemplateTest" name="rejectsDuplicateSampleNames"/>
  <testcase time="0" classname="io.d8a.conjure.ConjureTemplateTest" name="setsTheFullTemplateToCustomNodeWhenTemplateContainsTheConfigOnly"/>
  <testcase time="0" classname="io.d8a.conjure.ConjureTemplateTest" name="shouldReturnBareValueForTemplatesWithoutReferences"/>
  <testcase time="0" classname="io.d8a.conjure.ConjureTemplateTest" name="supportsCustomRefDelimiters"/>
  <testcase time="0" classname="io.d8a.conjure.ConjureTemplateTest" name="templateReferencesCanBeAtTheBeginningOfTemplates"/>
  <testcase time="0" classname="io.d8a.conjure.ConjureTemplateTest" name="templateReferencesCanBeAtTheEndOfTemplates"/>
  <testcase time="0" classname="io.d8a.conjure.ConjureTemplateTest" name="templateReferencesCanBeTheWholeTemplate"/>
  <testcase time="0" classname="io.d8a.conjure.ConjureTemplateTest" name="templateRefsCanBeLongHand"/>
  <testcase time="0" classname="io.d8a.conjure.DateNodeTypeTest" name="allowsDateJitter"/>
  <testcase time="0.042" classname="io.d8a.conjure.DateNodeTypeTest" name="allowsFormat"/>
  <testcase time="0" classname="io.d8a.conjure.DateNodeTypeTest" name="allowsNegativeHighJitter"/>
  <testcase time="0" classname="io.d8a.conjure.DateNodeTypeTest" name="allowsNegativeLowJitter"/>
  <testcase time="0" classname="io.d8a.conjure.DateNodeTypeTest" name="allowsTimezone"/>
  <testcase time="0.001" classname="io.d8a.conjure.DateNodeTypeTest" name="canHaveSameJitterLowAndHigh"/>
  <testcase time="0.001" classname="io.d8a.conjure.DateNodeTypeTest" name="canReferenceMinMaxForJitter"/>
  <testcase time="0" classname="io.d8a.conjure.DateNodeTypeTest" name="fixesTransposedLowHigh"/>
  <testcase time="0" classname="io.d8a.conjure.DateNodeTypeTest" name="generatesSystemTimestamp"/>
  <testcase time="0" classname="io.d8a.conjure.DateNodeTypeTest" name="usesClockFromSampleGenerator"/>
  <testcase time="0" classname="io.d8a.conjure.MinMaxNodeTypeTest" name="allowsNegativeForMax"/>
  <testcase time="0.001" classname="io.d8a.conjure.MinMaxNodeTypeTest" name="allowsNegativeForMin"/>
  <testcase time="0" classname="io.d8a.conjure.MinMaxNodeTypeTest" name="canBeCreatedFromFactoryMethod"/>
  <testcase time="0" classname="io.d8a.conjure.MinMaxNodeTypeTest" name="canHaveSameMinAndMax"/>
  <testcase time="0" classname="io.d8a.conjure.MinMaxNodeTypeTest" name="createFailsMaxNotSpecified"/>
  <testcase time="0" classname="io.d8a.conjure.MinMaxNodeTypeTest" name="createFailsMinNotSpecified"/>
  <testcase time="0" classname="io.d8a.conjure.MinMaxNodeTypeTest" name="fixesTransposedMinMax"/>
  <testcase time="0.004" classname="io.d8a.conjure.MinMaxNodeTypeTest" name="generatesAllValuesInRangeInclusive"/>
  <testcase time="0" classname="io.d8a.conjure.MinMaxNodeTypeTest" name="generatesNumberBetweenMinMax"/>
  <testcase time="0.001" classname="io.d8a.conjure.MinMaxNodeTypeTest" name="templatesFailWhenAddedWithoutMax"/>
  <testcase time="0" classname="io.d8a.conjure.MinMaxNodeTypeTest" name="templatesFailWhenAddedWithoutMin"/>
</testsuite>